{
  "RSpec": {
    "coverage": {
      "/Users/alexander/projects/short_url/app/controllers/url_relations_controller.rb": [
        1,
        1,
        6,
        null,
        null,
        1,
        6,
        6,
        null,
        6,
        4,
        null,
        2,
        null,
        null,
        null,
        1,
        null,
        1,
        6,
        null,
        null
      ],
      "/Users/alexander/projects/short_url/spec/models/admin_user_spec.rb": [
        1,
        null,
        1,
        1,
        null
      ],
      "/Users/alexander/projects/short_url/spec/models/url_relation_spec.rb": [
        null,
        null,
        1,
        null,
        1,
        null,
        1,
        2,
        null,
        null,
        1,
        2,
        null,
        null,
        1,
        2,
        null,
        null,
        1,
        2,
        null,
        null,
        1,
        1,
        2,
        null,
        null,
        1,
        1,
        2,
        null,
        null,
        1,
        2,
        null,
        null,
        1,
        2,
        null,
        null
      ],
      "/Users/alexander/projects/short_url/spec/scenarios/short_url_integration_spec.rb": [
        1,
        null,
        1,
        1,
        1,
        1,
        null,
        1,
        1,
        null,
        1,
        null,
        null,
        1,
        1,
        null,
        1,
        1,
        1,
        null,
        1,
        1,
        null,
        null
      ]
    },
    "timestamp": 1526221436
  }
}
