{
  "RSpec": {
    "coverage": {
      "/Users/alexander/projects/short_url/app/controllers/url_relations_controller.rb": [
        null,
        null,
        1,
        1,
        8,
        null,
        null,
        1,
        7,
        null,
        7,
        5,
        null,
        2,
        null,
        null,
        null,
        1,
        null,
        1,
        7,
        7,
        null,
        null
      ],
      "/Users/alexander/projects/short_url/spec/models/admin_user_spec.rb": [
        null,
        null,
        1,
        null,
        1,
        1,
        null
      ],
      "/Users/alexander/projects/short_url/spec/models/url_relation_spec.rb": [
        null,
        null,
        1,
        null,
        1,
        1,
        1,
        1,
        null,
        null,
        null,
        1,
        1,
        1,
        null,
        null,
        null,
        1,
        1,
        1,
        1,
        null,
        null,
        null,
        1,
        1,
        1,
        null,
        null,
        null,
        1,
        1,
        1,
        null,
        null,
        null
      ],
      "/Users/alexander/projects/short_url/spec/scenarios/short_url_integration_spec.rb": [
        null,
        null,
        1,
        null,
        1,
        1,
        1,
        1,
        null,
        1,
        1,
        null,
        1,
        null,
        null,
        1,
        1,
        null,
        1,
        1,
        1,
        null,
        1,
        1,
        null,
        null,
        1,
        1,
        null,
        1,
        1,
        1,
        null,
        1,
        1,
        null,
        null
      ],
      "/Users/alexander/projects/short_url/app/lib/utils/url_utils.rb": [
        null,
        null,
        1,
        1,
        1,
        1,
        null,
        1,
        3,
        3,
        6,
        6,
        null,
        null,
        3,
        null,
        null,
        1,
        2,
        2,
        2,
        4,
        4,
        null,
        2,
        null,
        null,
        1,
        19,
        19,
        null,
        19,
        null,
        null,
        1,
        19,
        null,
        7,
        null,
        null,
        null
      ],
      "/Users/alexander/projects/short_url/app/lib/utils/request_utils.rb": [
        null,
        null,
        1,
        1,
        1,
        2,
        2,
        null,
        null,
        1,
        1,
        1,
        1,
        null,
        null,
        null
      ]
    },
    "timestamp": 1526244044
  }
}
